<?xml version="1.0" encoding="UTF-8"?>
<testsuite name="ordering.service.OrderServiceTest" tests="3" skipped="0" failures="0" errors="0" timestamp="2025-09-03T07:34:41.558Z" hostname="jo-eunsan-ui-MacBookAir.local" time="0.138">
  <properties/>
  <testcase name="사용자의 모든 발주를 조회할 수 있다." classname="ordering.service.OrderServiceTest" time="0.12"/>
  <testcase name="사용자가 선택한 발주를 삭제할 수 있다." classname="ordering.service.OrderServiceTest" time="0.009"/>
  <testcase name="사용자가 입력한 발주를 저장할 수 있다." classname="ordering.service.OrderServiceTest" time="0.008"/>
  <system-out><![CDATA[2025-09-03T16:34:41.402+09:00  INFO 26470 --- [    Test worker] t.c.s.AnnotationConfigContextLoaderUtils : Could not detect default configuration classes for test class [ordering.service.OrderServiceTest]: OrderServiceTest does not declare any static, non-private, non-final, nested classes annotated with @Configuration.
2025-09-03T16:34:41.414+09:00  INFO 26470 --- [    Test worker] .b.t.c.SpringBootTestContextBootstrapper : Found @SpringBootConfiguration ordering.OrderingApplication for test class ordering.service.OrderServiceTest

  .   ____          _            __ _ _
 /\\ / ___'_ __ _ _(_)_ __  __ _ \ \ \ \
( ( )\___ | '_ | '_| | '_ \/ _` | \ \ \ \
 \\/  ___)| |_)| | | | | || (_| |  ) ) ) )
  '  |____| .__|_| |_|_| |_\__, | / / / /
 =========|_|==============|___/=/_/_/_/

 :: Spring Boot ::                (v3.4.4)

2025-09-03T16:34:41.426+09:00  INFO 26470 --- [    Test worker] ordering.service.OrderServiceTest        : Starting OrderServiceTest using Java 21.0.5 with PID 26470 (started by jo-eunsan in /Users/jo-eunsan/Desktop/woowa-course/level-interview/lv3-final-mission)
2025-09-03T16:34:41.426+09:00  INFO 26470 --- [    Test worker] ordering.service.OrderServiceTest        : No active profile set, falling back to 1 default profile: "default"
2025-09-03T16:34:41.458+09:00  INFO 26470 --- [    Test worker] .s.d.r.c.RepositoryConfigurationDelegate : Bootstrapping Spring Data JPA repositories in DEFAULT mode.
2025-09-03T16:34:41.463+09:00  INFO 26470 --- [    Test worker] .s.d.r.c.RepositoryConfigurationDelegate : Finished Spring Data repository scanning in 4 ms. Found 4 JPA repository interfaces.
2025-09-03T16:34:41.469+09:00  INFO 26470 --- [    Test worker] beddedDataSourceBeanFactoryPostProcessor : Replacing 'dataSource' DataSource bean with embedded version
2025-09-03T16:34:41.477+09:00  INFO 26470 --- [    Test worker] o.s.j.d.e.EmbeddedDatabaseFactory        : Starting embedded database: url='jdbc:h2:mem:698887ab-7d36-4a83-8ae9-177daf4e8ef0;DB_CLOSE_DELAY=-1;DB_CLOSE_ON_EXIT=false', username='sa'
2025-09-03T16:34:41.485+09:00  INFO 26470 --- [    Test worker] o.hibernate.jpa.internal.util.LogHelper  : HHH000204: Processing PersistenceUnitInfo [name: default]
2025-09-03T16:34:41.486+09:00  INFO 26470 --- [    Test worker] o.h.c.internal.RegionFactoryInitiator    : HHH000026: Second-level cache disabled
2025-09-03T16:34:41.489+09:00  INFO 26470 --- [    Test worker] o.s.o.j.p.SpringPersistenceUnitInfo      : No LoadTimeWeaver setup: ignoring JPA class transformer
2025-09-03T16:34:41.491+09:00  INFO 26470 --- [    Test worker] org.hibernate.orm.connections.pooling    : HHH10001005: Database info:
	Database JDBC URL [Connecting through datasource 'org.springframework.jdbc.datasource.embedded.EmbeddedDatabaseFactory$EmbeddedDataSourceProxy@5a85f41b']
	Database driver: undefined/unknown
	Database version: 2.3.232
	Autocommit mode: undefined/unknown
	Isolation level: undefined/unknown
	Minimum pool size: undefined/unknown
	Maximum pool size: undefined/unknown
2025-09-03T16:34:41.525+09:00  INFO 26470 --- [    Test worker] o.h.e.t.j.p.i.JtaPlatformInitiator       : HHH000489: No JTA platform available (set 'hibernate.transaction.jta.platform' to enable JTA platform integration)
Hibernate: drop table if exists category cascade 
Hibernate: drop table if exists orders cascade 
Hibernate: drop table if exists product cascade 
Hibernate: drop table if exists users cascade 
Hibernate: create table category (id bigint generated by default as identity, name varchar(255) not null, primary key (id))
Hibernate: create table orders (amount float(53), category_id bigint, count bigint not null, created_at timestamp(6) not null, id bigint generated by default as identity, product_id bigint, user_id bigint, detail varchar(255), email_status enum ('DONE','PROCESSING'), order_status enum ('DELETE','SUCCESS'), primary key (id))
Hibernate: create table product (price float(53) not null, category_id bigint, id bigint generated by default as identity, name varchar(255) not null, primary key (id))
Hibernate: create table users (id bigint generated by default as identity, username varchar(255), primary key (id))
Hibernate: alter table if exists orders add constraint FK6161shkjqug4b2dsdu5g3emyl foreign key (category_id) references category
Hibernate: alter table if exists orders add constraint FK787ibr3guwp6xobrpbofnv7le foreign key (product_id) references product
Hibernate: alter table if exists orders add constraint FK32ql8ubntj5uh44ph9659tiih foreign key (user_id) references users
Hibernate: alter table if exists product add constraint FK1mtsbur82frn64de7balymq9s foreign key (category_id) references category
2025-09-03T16:34:41.530+09:00  INFO 26470 --- [    Test worker] j.LocalContainerEntityManagerFactoryBean : Initialized JPA EntityManagerFactory for persistence unit 'default'
2025-09-03T16:34:41.557+09:00  INFO 26470 --- [    Test worker] ordering.service.OrderServiceTest        : Started OrderServiceTest in 0.141 seconds (process running for 2.314)
Hibernate: insert into users (username,id) values (?,default)
Hibernate: select c1_0.id,c1_0.name from category c1_0 where c1_0.id=?
Hibernate: select p1_0.id,p1_0.category_id,p1_0.name,p1_0.price from product p1_0 where p1_0.id=?
Hibernate: insert into orders (amount,category_id,count,created_at,detail,email_status,order_status,product_id,user_id,id) values (?,?,?,?,?,?,?,?,?,default)
Hibernate: select o1_0.id,o1_0.amount,o1_0.category_id,o1_0.count,o1_0.created_at,o1_0.detail,o1_0.email_status,o1_0.order_status,o1_0.product_id,o1_0.user_id from orders o1_0 left join users u1_0 on u1_0.id=o1_0.user_id where u1_0.id=?
Hibernate: insert into users (username,id) values (?,default)
Hibernate: select c1_0.id,c1_0.name from category c1_0 where c1_0.id=?
Hibernate: select p1_0.id,p1_0.category_id,p1_0.name,p1_0.price from product p1_0 where p1_0.id=?
Hibernate: insert into orders (amount,category_id,count,created_at,detail,email_status,order_status,product_id,user_id,id) values (?,?,?,?,?,?,?,?,?,default)
Hibernate: select u1_0.id,u1_0.username from users u1_0 where u1_0.username=?
Hibernate: select c1_0.id,c1_0.name from category c1_0 where c1_0.id=?
Hibernate: select p1_0.id,p1_0.category_id,p1_0.name,p1_0.price from product p1_0 where p1_0.id=?
Hibernate: insert into orders (amount,category_id,count,created_at,detail,email_status,order_status,product_id,user_id,id) values (?,?,?,?,?,?,?,?,?,default)
]]></system-out>
  <system-err><![CDATA[]]></system-err>
</testsuite>
