<?xml version="1.0" encoding="UTF-8"?>
<testsuite name="ordering.OrderingApplicationTests" tests="1" skipped="0" failures="0" errors="0" timestamp="2025-09-03T06:35:06.085Z" hostname="jo-eunsan-ui-MacBookAir.local" time="0.249">
  <properties/>
  <testcase name="contextLoads()" classname="ordering.OrderingApplicationTests" time="0.249"/>
  <system-out><![CDATA[15:35:04.427 [Test worker] INFO org.springframework.test.context.support.AnnotationConfigContextLoaderUtils -- Could not detect default configuration classes for test class [ordering.OrderingApplicationTests]: OrderingApplicationTests does not declare any static, non-private, non-final, nested classes annotated with @Configuration.
15:35:04.466 [Test worker] INFO org.springframework.boot.test.context.SpringBootTestContextBootstrapper -- Found @SpringBootConfiguration ordering.OrderingApplication for test class ordering.OrderingApplicationTests

  .   ____          _            __ _ _
 /\\ / ___'_ __ _ _(_)_ __  __ _ \ \ \ \
( ( )\___ | '_ | '_| | '_ \/ _` | \ \ \ \
 \\/  ___)| |_)| | | | | || (_| |  ) ) ) )
  '  |____| .__|_| |_|_| |_\__, | / / / /
 =========|_|==============|___/=/_/_/_/

 :: Spring Boot ::                (v3.4.4)

2025-09-03T15:35:04.601+09:00  INFO 25397 --- [    Test worker] ordering.OrderingApplicationTests        : Starting OrderingApplicationTests using Java 21.0.5 with PID 25397 (started by jo-eunsan in /Users/jo-eunsan/Desktop/woowa-course/level-interview/lv2-final-mission)
2025-09-03T15:35:04.602+09:00  INFO 25397 --- [    Test worker] ordering.OrderingApplicationTests        : No active profile set, falling back to 1 default profile: "default"
2025-09-03T15:35:04.906+09:00  INFO 25397 --- [    Test worker] .s.d.r.c.RepositoryConfigurationDelegate : Bootstrapping Spring Data JPA repositories in DEFAULT mode.
2025-09-03T15:35:04.930+09:00  INFO 25397 --- [    Test worker] .s.d.r.c.RepositoryConfigurationDelegate : Finished Spring Data repository scanning in 20 ms. Found 4 JPA repository interfaces.
2025-09-03T15:35:05.087+09:00  INFO 25397 --- [    Test worker] o.hibernate.jpa.internal.util.LogHelper  : HHH000204: Processing PersistenceUnitInfo [name: default]
2025-09-03T15:35:05.109+09:00  INFO 25397 --- [    Test worker] org.hibernate.Version                    : HHH000412: Hibernate ORM core version 6.6.11.Final
2025-09-03T15:35:05.122+09:00  INFO 25397 --- [    Test worker] o.h.c.internal.RegionFactoryInitiator    : HHH000026: Second-level cache disabled
2025-09-03T15:35:05.222+09:00  INFO 25397 --- [    Test worker] o.s.o.j.p.SpringPersistenceUnitInfo      : No LoadTimeWeaver setup: ignoring JPA class transformer
2025-09-03T15:35:05.233+09:00  INFO 25397 --- [    Test worker] com.zaxxer.hikari.HikariDataSource       : HikariPool-1 - Starting...
2025-09-03T15:35:05.302+09:00  INFO 25397 --- [    Test worker] com.zaxxer.hikari.pool.HikariPool        : HikariPool-1 - Added connection conn0: url=jdbc:h2:mem:testdb user=SA
2025-09-03T15:35:05.302+09:00  INFO 25397 --- [    Test worker] com.zaxxer.hikari.HikariDataSource       : HikariPool-1 - Start completed.
2025-09-03T15:35:05.325+09:00  INFO 25397 --- [    Test worker] org.hibernate.orm.connections.pooling    : HHH10001005: Database info:
	Database JDBC URL [Connecting through datasource 'HikariDataSource (HikariPool-1)']
	Database driver: undefined/unknown
	Database version: 2.3.232
	Autocommit mode: undefined/unknown
	Isolation level: undefined/unknown
	Minimum pool size: undefined/unknown
	Maximum pool size: undefined/unknown
2025-09-03T15:35:05.644+09:00  INFO 25397 --- [    Test worker] o.h.e.t.j.p.i.JtaPlatformInitiator       : HHH000489: No JTA platform available (set 'hibernate.transaction.jta.platform' to enable JTA platform integration)
Hibernate: drop table if exists category cascade 
Hibernate: drop table if exists orders cascade 
Hibernate: drop table if exists product cascade 
Hibernate: drop table if exists users cascade 
Hibernate: create table category (id bigint generated by default as identity, name varchar(255) not null, primary key (id))
Hibernate: create table orders (amount float(53), category_id bigint, count bigint not null, created_at timestamp(6) not null, id bigint generated by default as identity, product_id bigint, user_id bigint, detail varchar(255), email_status enum ('DONE','PROCESSING'), order_status enum ('DELETE','SUCCESS'), primary key (id))
Hibernate: create table product (price float(53) not null, category_id bigint, id bigint generated by default as identity, name varchar(255) not null, primary key (id))
Hibernate: create table users (id bigint generated by default as identity, username varchar(255), primary key (id))
Hibernate: alter table if exists orders add constraint FK6161shkjqug4b2dsdu5g3emyl foreign key (category_id) references category
Hibernate: alter table if exists orders add constraint FK787ibr3guwp6xobrpbofnv7le foreign key (product_id) references product
Hibernate: alter table if exists orders add constraint FK32ql8ubntj5uh44ph9659tiih foreign key (user_id) references users
Hibernate: alter table if exists product add constraint FK1mtsbur82frn64de7balymq9s foreign key (category_id) references category
2025-09-03T15:35:05.665+09:00  INFO 25397 --- [    Test worker] j.LocalContainerEntityManagerFactoryBean : Initialized JPA EntityManagerFactory for persistence unit 'default'
2025-09-03T15:35:05.945+09:00  WARN 25397 --- [    Test worker] JpaBaseConfiguration$JpaWebConfiguration : spring.jpa.open-in-view is enabled by default. Therefore, database queries may be performed during view rendering. Explicitly configure spring.jpa.open-in-view to disable this warning
2025-09-03T15:35:06.016+09:00  WARN 25397 --- [    Test worker] ion$DefaultTemplateResolverConfiguration : Cannot find template location: classpath:/templates/ (please add some templates, check your Thymeleaf configuration, or set spring.thymeleaf.check-template-location=false)
2025-09-03T15:35:06.079+09:00  INFO 25397 --- [    Test worker] ordering.OrderingApplicationTests        : Started OrderingApplicationTests in 1.56 seconds (process running for 1.992)
]]></system-out>
  <system-err><![CDATA[Mockito is currently self-attaching to enable the inline-mock-maker. This will no longer work in future releases of the JDK. Please add Mockito as an agent to your build what is described in Mockito's documentation: https://javadoc.io/doc/org.mockito/mockito-core/latest/org/mockito/Mockito.html#0.3
WARNING: A Java agent has been loaded dynamically (/Users/jo-eunsan/.gradle/caches/modules-2/files-2.1/net.bytebuddy/byte-buddy-agent/1.15.11/a38b16385e867f59a641330f0362ebe742788ed8/byte-buddy-agent-1.15.11.jar)
WARNING: If a serviceability tool is in use, please run with -XX:+EnableDynamicAgentLoading to hide this warning
WARNING: If a serviceability tool is not in use, please run with -Djdk.instrument.traceUsage for more information
WARNING: Dynamic loading of agents will be disallowed by default in a future release
]]></system-err>
</testsuite>
